<?xml version="1.0" encoding="UTF-8"?>
<testsuite name="com.millervein.photoqa.PhotoqaApplicationTests" tests="0" skipped="0" failures="0" errors="0" timestamp="1970-01-01T00:00:00" hostname="/0:0:0:0:0:0:0:1%lo" time="0.0">
  <properties/>
  <system-out><![CDATA[15:16:46.975 [Test worker] DEBUG org.springframework.test.context.junit4.SpringJUnit4ClassRunner - SpringJUnit4ClassRunner constructor called with [class com.millervein.photoqa.PhotoqaApplicationTests]
15:16:46.979 [Test worker] DEBUG org.springframework.test.context.BootstrapUtils - Instantiating CacheAwareContextLoaderDelegate from class [org.springframework.test.context.cache.DefaultCacheAwareContextLoaderDelegate]
15:16:46.986 [Test worker] DEBUG org.springframework.test.context.BootstrapUtils - Instantiating BootstrapContext using constructor [public org.springframework.test.context.support.DefaultBootstrapContext(java.lang.Class,org.springframework.test.context.CacheAwareContextLoaderDelegate)]
15:16:47.000 [Test worker] DEBUG org.springframework.test.context.BootstrapUtils - Instantiating TestContextBootstrapper for test class [com.millervein.photoqa.PhotoqaApplicationTests] from class [org.springframework.boot.test.context.SpringBootTestContextBootstrapper]
15:16:47.009 [Test worker] INFO org.springframework.boot.test.context.SpringBootTestContextBootstrapper - Neither @ContextConfiguration nor @ContextHierarchy found for test class [com.millervein.photoqa.PhotoqaApplicationTests], using SpringBootContextLoader
15:16:47.013 [Test worker] DEBUG org.springframework.test.context.support.AbstractContextLoader - Did not detect default resource location for test class [com.millervein.photoqa.PhotoqaApplicationTests]: class path resource [com/millervein/photoqa/PhotoqaApplicationTests-context.xml] does not exist
15:16:47.013 [Test worker] DEBUG org.springframework.test.context.support.AbstractContextLoader - Did not detect default resource location for test class [com.millervein.photoqa.PhotoqaApplicationTests]: class path resource [com/millervein/photoqa/PhotoqaApplicationTestsContext.groovy] does not exist
15:16:47.014 [Test worker] INFO org.springframework.test.context.support.AbstractContextLoader - Could not detect default resource locations for test class [com.millervein.photoqa.PhotoqaApplicationTests]: no resource found for suffixes {-context.xml, Context.groovy}.
15:16:47.015 [Test worker] INFO org.springframework.test.context.support.AnnotationConfigContextLoaderUtils - Could not detect default configuration classes for test class [com.millervein.photoqa.PhotoqaApplicationTests]: PhotoqaApplicationTests does not declare any static, non-private, non-final, nested classes annotated with @Configuration.
15:16:47.046 [Test worker] DEBUG org.springframework.test.context.support.ActiveProfilesUtils - Could not find an 'annotation declaring class' for annotation type [org.springframework.test.context.ActiveProfiles] and class [com.millervein.photoqa.PhotoqaApplicationTests]
15:16:47.057 [Test worker] DEBUG org.springframework.core.env.StandardEnvironment - Adding [systemProperties] PropertySource with lowest search precedence
15:16:47.057 [Test worker] DEBUG org.springframework.core.env.StandardEnvironment - Adding [systemEnvironment] PropertySource with lowest search precedence
15:16:47.058 [Test worker] DEBUG org.springframework.core.env.StandardEnvironment - Initialized StandardEnvironment with PropertySources [systemProperties,systemEnvironment]
15:16:47.067 [Test worker] DEBUG org.springframework.core.io.support.PathMatchingResourcePatternResolver - Resolved classpath location [com/millervein/photoqa/] to resources [URL [file:/home/nick/Code/eclipse-workspace/photoqa-backend/build/classes/test/com/millervein/photoqa/], URL [file:/home/nick/Code/eclipse-workspace/photoqa-backend/build/classes/main/com/millervein/photoqa/]]
15:16:47.068 [Test worker] DEBUG org.springframework.core.io.support.PathMatchingResourcePatternResolver - Looking for matching resources in directory tree [/home/nick/Code/eclipse-workspace/photoqa-backend/build/classes/test/com/millervein/photoqa]
15:16:47.068 [Test worker] DEBUG org.springframework.core.io.support.PathMatchingResourcePatternResolver - Searching directory [/home/nick/Code/eclipse-workspace/photoqa-backend/build/classes/test/com/millervein/photoqa] for files matching pattern [/home/nick/Code/eclipse-workspace/photoqa-backend/build/classes/test/com/millervein/photoqa/*.class]
15:16:47.071 [Test worker] DEBUG org.springframework.core.io.support.PathMatchingResourcePatternResolver - Looking for matching resources in directory tree [/home/nick/Code/eclipse-workspace/photoqa-backend/build/classes/main/com/millervein/photoqa]
15:16:47.072 [Test worker] DEBUG org.springframework.core.io.support.PathMatchingResourcePatternResolver - Searching directory [/home/nick/Code/eclipse-workspace/photoqa-backend/build/classes/main/com/millervein/photoqa] for files matching pattern [/home/nick/Code/eclipse-workspace/photoqa-backend/build/classes/main/com/millervein/photoqa/*.class]
15:16:47.073 [Test worker] DEBUG org.springframework.core.io.support.PathMatchingResourcePatternResolver - Resolved location pattern [classpath*:com/millervein/photoqa/*.class] to resources [file [/home/nick/Code/eclipse-workspace/photoqa-backend/build/classes/test/com/millervein/photoqa/PhotoqaApplicationTests.class], file [/home/nick/Code/eclipse-workspace/photoqa-backend/build/classes/main/com/millervein/photoqa/PhotoqaApplication.class]]
15:16:47.113 [Test worker] DEBUG org.springframework.context.annotation.ClassPathScanningCandidateComponentProvider - Identified candidate component class: file [/home/nick/Code/eclipse-workspace/photoqa-backend/build/classes/main/com/millervein/photoqa/PhotoqaApplication.class]
15:16:47.115 [Test worker] INFO org.springframework.boot.test.context.SpringBootTestContextBootstrapper - Found @SpringBootConfiguration com.millervein.photoqa.PhotoqaApplication for test class com.millervein.photoqa.PhotoqaApplicationTests
15:16:47.119 [Test worker] DEBUG org.springframework.boot.test.context.SpringBootTestContextBootstrapper - @TestExecutionListeners is not present for class [com.millervein.photoqa.PhotoqaApplicationTests]: using defaults.
15:16:47.123 [Test worker] INFO org.springframework.boot.test.context.SpringBootTestContextBootstrapper - Loaded default TestExecutionListener class names from location [META-INF/spring.factories]: [org.springframework.boot.test.mock.mockito.MockitoTestExecutionListener, org.springframework.boot.test.mock.mockito.ResetMocksTestExecutionListener, org.springframework.boot.test.autoconfigure.restdocs.RestDocsTestExecutionListener, org.springframework.boot.test.autoconfigure.web.client.MockRestServiceServerResetTestExecutionListener, org.springframework.boot.test.autoconfigure.web.servlet.MockMvcPrintOnlyOnFailureTestExecutionListener, org.springframework.boot.test.autoconfigure.web.servlet.WebDriverTestExecutionListener, org.springframework.test.context.web.ServletTestExecutionListener, org.springframework.test.context.support.DirtiesContextBeforeModesTestExecutionListener, org.springframework.test.context.support.DependencyInjectionTestExecutionListener, org.springframework.test.context.support.DirtiesContextTestExecutionListener, org.springframework.test.context.transaction.TransactionalTestExecutionListener, org.springframework.test.context.jdbc.SqlScriptsTestExecutionListener]
15:16:47.140 [Test worker] INFO org.springframework.boot.test.context.SpringBootTestContextBootstrapper - Using TestExecutionListeners: [org.springframework.test.context.web.ServletTestExecutionListener@43d822e, org.springframework.test.context.support.DirtiesContextBeforeModesTestExecutionListener@450d476c, org.springframework.boot.test.autoconfigure.SpringBootDependencyInjectionTestExecutionListener@5a08d363, org.springframework.test.context.support.DirtiesContextTestExecutionListener@1117fb0, org.springframework.test.context.transaction.TransactionalTestExecutionListener@6955b14e, org.springframework.test.context.jdbc.SqlScriptsTestExecutionListener@464cbd2f, org.springframework.boot.test.mock.mockito.MockitoTestExecutionListener@5a43fd4e, org.springframework.boot.test.autoconfigure.web.client.MockRestServiceServerResetTestExecutionListener@50a5e549, org.springframework.boot.test.autoconfigure.web.servlet.WebDriverTestExecutionListener@143ef1d2, org.springframework.boot.test.autoconfigure.web.servlet.MockMvcPrintOnlyOnFailureTestExecutionListener@373893bf, org.springframework.boot.test.autoconfigure.restdocs.RestDocsTestExecutionListener@72d4a19b, org.springframework.boot.test.mock.mockito.ResetMocksTestExecutionListener@d249d25]
15:16:47.149 [Test worker] DEBUG org.springframework.test.annotation.ProfileValueUtils - Retrieved @ProfileValueSourceConfiguration [null] for test class [com.millervein.photoqa.PhotoqaApplicationTests]
15:16:47.149 [Test worker] DEBUG org.springframework.test.annotation.ProfileValueUtils - Retrieved ProfileValueSource type [class org.springframework.test.annotation.SystemProfileValueSource] for class [com.millervein.photoqa.PhotoqaApplicationTests]
]]></system-out>
  <system-err><![CDATA[]]></system-err>
</testsuite>
